# JRE version: Java(TM) SE Runtime Environment (8.0_91-b15) (build 1.8.0_91-b15)
# Java VM: Java HotSpot(TM) 64-Bit Server VM (25.91-b15 mixed mode windows-amd64 compressed oops)
Heap:
 PSYoungGen      total 225280K, used 61102K [0x00000000eab00000, 0x00000000fbd80000, 0x0000000100000000)
  eden space 189440K, 13% used [0x00000000eab00000,0x00000000ec3b62d0,0x00000000f6400000)
  from space 35840K, 99% used [0x00000000f8c80000,0x00000000faf75700,0x00000000faf80000)
  to   space 41472K, 0% used [0x00000000f6400000,0x00000000f6400000,0x00000000f8c80000)
 ParOldGen       total 152064K, used 84642K [0x00000000c0000000, 0x00000000c9480000, 0x00000000eab00000)
  object space 152064K, 55% used [0x00000000c0000000,0x00000000c52a88c0,0x00000000c9480000)
 Metaspace       used 65519K, capacity 67340K, committed 67544K, reserved 1107968K
  class space    used 8738K, capacity 9124K, committed 9216K, reserved 1048576K
GC Heap History (10 events):
Event: 41.770 GC heap before
{Heap before GC invocations=15 (full 2):
 PSYoungGen      total 137216K, used 137196K [0x00000000eab00000, 0x00000000f5280000, 0x0000000100000000)
  eden space 124928K, 100% used [0x00000000eab00000,0x00000000f2500000,0x00000000f2500000)
  from space 12288K, 99% used [0x00000000f3600000,0x00000000f41fb068,0x00000000f4200000)
  to   space 17408K, 0% used [0x00000000f2500000,0x00000000f2500000,0x00000000f3600000)
 ParOldGen       total 96256K, used 29914K [0x00000000c0000000, 0x00000000c5e00000, 0x00000000eab00000)
  object space 96256K, 31% used [0x00000000c0000000,0x00000000c1d36a90,0x00000000c5e00000)
 Metaspace       used 56048K, capacity 57568K, committed 57728K, reserved 1099776K
  class space    used 7598K, capacity 7941K, committed 8064K, reserved 1048576K
Event: 41.793 GC heap after
Heap after GC invocations=15 (full 2):
 PSYoungGen      total 142336K, used 8557K [0x00000000eab00000, 0x00000000f6000000, 0x0000000100000000)
  eden space 124928K, 0% used [0x00000000eab00000,0x00000000eab00000,0x00000000f2500000)
  from space 17408K, 49% used [0x00000000f2500000,0x00000000f2d5b760,0x00000000f3600000)
  to   space 16384K, 0% used [0x00000000f5000000,0x00000000f5000000,0x00000000f6000000)
 ParOldGen       total 96256K, used 41685K [0x00000000c0000000, 0x00000000c5e00000, 0x00000000eab00000)
  object space 96256K, 43% used [0x00000000c0000000,0x00000000c28b5798,0x00000000c5e00000)
 Metaspace       used 56048K, capacity 57568K, committed 57728K, reserved 1099776K
  class space    used 7598K, capacity 7941K, committed 8064K, reserved 1048576K
}
Event: 45.752 GC heap before
{Heap before GC invocations=16 (full 2):
 PSYoungGen      total 142336K, used 34375K [0x00000000eab00000, 0x00000000f6000000, 0x0000000100000000)
  eden space 124928K, 20% used [0x00000000eab00000,0x00000000ec4364b0,0x00000000f2500000)
  from space 17408K, 49% used [0x00000000f2500000,0x00000000f2d5b760,0x00000000f3600000)
  to   space 16384K, 0% used [0x00000000f5000000,0x00000000f5000000,0x00000000f6000000)
 ParOldGen       total 96256K, used 41685K [0x00000000c0000000, 0x00000000c5e00000, 0x00000000eab00000)
  object space 96256K, 43% used [0x00000000c0000000,0x00000000c28b5798,0x00000000c5e00000)
 Metaspace       used 57519K, capacity 59040K, committed 59096K, reserved 1099776K
  class space    used 7824K, capacity 8173K, committed 8192K, reserved 1048576K
Event: 45.763 GC heap after
Heap after GC invocations=16 (full 2):
 PSYoungGen      total 162816K, used 6615K [0x00000000eab00000, 0x00000000f5c80000, 0x0000000100000000)
  eden space 150016K, 0% used [0x00000000eab00000,0x00000000eab00000,0x00000000f3d80000)
  from space 12800K, 51% used [0x00000000f5000000,0x00000000f5675f88,0x00000000f5c80000)
  to   space 15872K, 0% used [0x00000000f3d80000,0x00000000f3d80000,0x00000000f4d00000)
 ParOldGen       total 96256K, used 41693K [0x00000000c0000000, 0x00000000c5e00000, 0x00000000eab00000)
  object space 96256K, 43% used [0x00000000c0000000,0x00000000c28b7798,0x00000000c5e00000)
 Metaspace       used 57519K, capacity 59040K, committed 59096K, reserved 1099776K
  class space    used 7824K, capacity 8173K, committed 8192K, reserved 1048576K
}
Event: 45.763 GC heap before
{Heap before GC invocations=17 (full 3):
 PSYoungGen      total 162816K, used 6615K [0x00000000eab00000, 0x00000000f5c80000, 0x0000000100000000)
  eden space 150016K, 0% used [0x00000000eab00000,0x00000000eab00000,0x00000000f3d80000)
  from space 12800K, 51% used [0x00000000f5000000,0x00000000f5675f88,0x00000000f5c80000)
  to   space 15872K, 0% used [0x00000000f3d80000,0x00000000f3d80000,0x00000000f4d00000)
 ParOldGen       total 96256K, used 41693K [0x00000000c0000000, 0x00000000c5e00000, 0x00000000eab00000)
  object space 96256K, 43% used [0x00000000c0000000,0x00000000c28b7798,0x00000000c5e00000)
 Metaspace       used 57519K, capacity 59040K, committed 59096K, reserved 1099776K
  class space    used 7824K, capacity 8173K, committed 8192K, reserved 1048576K
Event: 46.103 GC heap after
Heap after GC invocations=17 (full 3):
 PSYoungGen      total 162816K, used 0K [0x00000000eab00000, 0x00000000f5c80000, 0x0000000100000000)
  eden space 150016K, 0% used [0x00000000eab00000,0x00000000eab00000,0x00000000f3d80000)
  from space 12800K, 0% used [0x00000000f5000000,0x00000000f5000000,0x00000000f5c80000)
  to   space 15872K, 0% used [0x00000000f3d80000,0x00000000f3d80000,0x00000000f4d00000)
 ParOldGen       total 152064K, used 36793K [0x00000000c0000000, 0x00000000c9480000, 0x00000000eab00000)
  object space 152064K, 24% used [0x00000000c0000000,0x00000000c23ee448,0x00000000c9480000)
 Metaspace       used 57517K, capacity 59034K, committed 59096K, reserved 1099776K
  class space    used 7823K, capacity 8172K, committed 8192K, reserved 1048576K
}
Event: 49.838 GC heap before
{Heap before GC invocations=18 (full 3):
 PSYoungGen      total 162816K, used 150016K [0x00000000eab00000, 0x00000000f5c80000, 0x0000000100000000)
  eden space 150016K, 100% used [0x00000000eab00000,0x00000000f3d80000,0x00000000f3d80000)
  from space 12800K, 0% used [0x00000000f5000000,0x00000000f5000000,0x00000000f5c80000)
  to   space 15872K, 0% used [0x00000000f3d80000,0x00000000f3d80000,0x00000000f4d00000)
 ParOldGen       total 152064K, used 36793K [0x00000000c0000000, 0x00000000c9480000, 0x00000000eab00000)
  object space 152064K, 24% used [0x00000000c0000000,0x00000000c23ee448,0x00000000c9480000)
 Metaspace       used 62530K, capacity 64102K, committed 64344K, reserved 1105920K
  class space    used 8419K, capacity 8802K, committed 8832K, reserved 1048576K
Event: 49.959 GC heap after
Heap after GC invocations=18 (full 3):
 PSYoungGen      total 165888K, used 15869K [0x00000000eab00000, 0x00000000faf80000, 0x0000000100000000)
  eden space 150016K, 0% used [0x00000000eab00000,0x00000000eab00000,0x00000000f3d80000)
  from space 15872K, 99% used [0x00000000f3d80000,0x00000000f4cff708,0x00000000f4d00000)
  to   space 35840K, 0% used [0x00000000f8c80000,0x00000000f8c80000,0x00000000faf80000)
 ParOldGen       total 152064K, used 84634K [0x00000000c0000000, 0x00000000c9480000, 0x00000000eab00000)
  object space 152064K, 55% used [0x00000000c0000000,0x00000000c52a68c0,0x00000000c9480000)
 Metaspace       used 62530K, capacity 64102K, committed 64344K, reserved 1105920K
  class space    used 8419K, capacity 8802K, committed 8832K, reserved 1048576K
}
Event: 55.030 GC heap before
{Heap before GC invocations=19 (full 3):
 PSYoungGen      total 165888K, used 165885K [0x00000000eab00000, 0x00000000faf80000, 0x0000000100000000)
  eden space 150016K, 100% used [0x00000000eab00000,0x00000000f3d80000,0x00000000f3d80000)
  from space 15872K, 99% used [0x00000000f3d80000,0x00000000f4cff708,0x00000000f4d00000)
  to   space 35840K, 0% used [0x00000000f8c80000,0x00000000f8c80000,0x00000000faf80000)
 ParOldGen       total 152064K, used 84634K [0x00000000c0000000, 0x00000000c9480000, 0x00000000eab00000)
  object space 152064K, 55% used [0x00000000c0000000,0x00000000c52a68c0,0x00000000c9480000)
 Metaspace       used 65371K, capacity 67234K, committed 67544K, reserved 1107968K
  class space    used 8717K, capacity 9117K, committed 9216K, reserved 1048576K
Event: 55.124 GC heap after
Heap after GC invocations=19 (full 3):
 PSYoungGen      total 225280K, used 35797K [0x00000000eab00000, 0x00000000fbd80000, 0x0000000100000000)
  eden space 189440K, 0% used [0x00000000eab00000,0x00000000eab00000,0x00000000f6400000)
  from space 35840K, 99% used [0x00000000f8c80000,0x00000000faf75700,0x00000000faf80000)
  to   space 41472K, 0% used [0x00000000f6400000,0x00000000f6400000,0x00000000f8c80000)
 ParOldGen       total 152064K, used 84642K [0x00000000c0000000, 0x00000000c9480000, 0x00000000eab00000)
  object space 152064K, 55% used [0x00000000c0000000,0x00000000c52a88c0,0x00000000c9480000)
 Metaspace       used 65371K, capacity 67234K, committed 67544K, reserved 1107968K
  class space    used 8717K, capacity 9117K, committed 9216K, reserved 1048576K
}

